2019-06-20 16:33:58.688  INFO 30120 --- [main] com.forum.demo.ForumApplication          : Starting ForumApplication on DESKTOP-3UT39UQ with PID 30120 (D:\GitHub\BackEnd\Forum\target\classes started by Shinelon in D:\GitHub\BackEnd)
2019-06-20 16:33:58.695  INFO 30120 --- [main] com.forum.demo.ForumApplication          : No active profile set, falling back to default profiles: default
2019-06-20 16:33:59.323  INFO 30120 --- [main] .s.d.r.c.RepositoryConfigurationDelegate : Multiple Spring Data modules found, entering strict repository configuration mode!
2019-06-20 16:33:59.323  INFO 30120 --- [main] .s.d.r.c.RepositoryConfigurationDelegate : Bootstrapping Spring Data repositories in DEFAULT mode.
2019-06-20 16:33:59.401  INFO 30120 --- [main] .s.d.r.c.RepositoryConfigurationDelegate : Finished Spring Data repository scanning in 73ms. Found 15 repository interfaces.
2019-06-20 16:33:59.415  INFO 30120 --- [main] .s.d.r.c.RepositoryConfigurationDelegate : Multiple Spring Data modules found, entering strict repository configuration mode!
2019-06-20 16:33:59.416  INFO 30120 --- [main] .s.d.r.c.RepositoryConfigurationDelegate : Bootstrapping Spring Data repositories in DEFAULT mode.
2019-06-20 16:33:59.430  INFO 30120 --- [main] .RepositoryConfigurationExtensionSupport : Spring Data Redis - Could not safely identify store assignment for repository candidate interface com.forum.demo.DAO.ClassInfoDao.
2019-06-20 16:33:59.430  INFO 30120 --- [main] .RepositoryConfigurationExtensionSupport : Spring Data Redis - Could not safely identify store assignment for repository candidate interface com.forum.demo.DAO.ClassMemberDao.
2019-06-20 16:33:59.430  INFO 30120 --- [main] .RepositoryConfigurationExtensionSupport : Spring Data Redis - Could not safely identify store assignment for repository candidate interface com.forum.demo.DAO.ClassTaskDao.
2019-06-20 16:33:59.431  INFO 30120 --- [main] .RepositoryConfigurationExtensionSupport : Spring Data Redis - Could not safely identify store assignment for repository candidate interface com.forum.demo.DAO.CustomDao.
2019-06-20 16:33:59.431  INFO 30120 --- [main] .RepositoryConfigurationExtensionSupport : Spring Data Redis - Could not safely identify store assignment for repository candidate interface com.forum.demo.DAO.ExamDao.
2019-06-20 16:33:59.431  INFO 30120 --- [main] .RepositoryConfigurationExtensionSupport : Spring Data Redis - Could not safely identify store assignment for repository candidate interface com.forum.demo.DAO.ExamInfoDao.
2019-06-20 16:33:59.432  INFO 30120 --- [main] .RepositoryConfigurationExtensionSupport : Spring Data Redis - Could not safely identify store assignment for repository candidate interface com.forum.demo.DAO.FriendDao.
2019-06-20 16:33:59.432  INFO 30120 --- [main] .RepositoryConfigurationExtensionSupport : Spring Data Redis - Could not safely identify store assignment for repository candidate interface com.forum.demo.DAO.ImageInfoDao.
2019-06-20 16:33:59.432  INFO 30120 --- [main] .RepositoryConfigurationExtensionSupport : Spring Data Redis - Could not safely identify store assignment for repository candidate interface com.forum.demo.DAO.PostsDao.
2019-06-20 16:33:59.433  INFO 30120 --- [main] .RepositoryConfigurationExtensionSupport : Spring Data Redis - Could not safely identify store assignment for repository candidate interface com.forum.demo.DAO.ReplyDao.
2019-06-20 16:33:59.433  INFO 30120 --- [main] .RepositoryConfigurationExtensionSupport : Spring Data Redis - Could not safely identify store assignment for repository candidate interface com.forum.demo.DAO.TalkDao.
2019-06-20 16:33:59.433  INFO 30120 --- [main] .RepositoryConfigurationExtensionSupport : Spring Data Redis - Could not safely identify store assignment for repository candidate interface com.forum.demo.DAO.TaskDao.
2019-06-20 16:33:59.433  INFO 30120 --- [main] .RepositoryConfigurationExtensionSupport : Spring Data Redis - Could not safely identify store assignment for repository candidate interface com.forum.demo.DAO.TaskListDao.
2019-06-20 16:33:59.433  INFO 30120 --- [main] .RepositoryConfigurationExtensionSupport : Spring Data Redis - Could not safely identify store assignment for repository candidate interface com.forum.demo.DAO.UserInfoDao.
2019-06-20 16:33:59.434  INFO 30120 --- [main] .RepositoryConfigurationExtensionSupport : Spring Data Redis - Could not safely identify store assignment for repository candidate interface com.forum.demo.DAO.WatchedDao.
2019-06-20 16:33:59.434  INFO 30120 --- [main] .s.d.r.c.RepositoryConfigurationDelegate : Finished Spring Data repository scanning in 11ms. Found 0 repository interfaces.
2019-06-20 16:33:59.702  INFO 30120 --- [main] trationDelegate$BeanPostProcessorChecker : Bean 'org.springframework.transaction.annotation.ProxyTransactionManagementConfiguration' of type [org.springframework.transaction.annotation.ProxyTransactionManagementConfiguration$$EnhancerBySpringCGLIB$$d596aa73] is not eligible for getting processed by all BeanPostProcessors (for example: not eligible for auto-proxying)
2019-06-20 16:34:00.031  INFO 30120 --- [main] o.s.b.w.embedded.tomcat.TomcatWebServer  : Tomcat initialized with port(s): 8080 (http)
2019-06-20 16:34:00.051  INFO 30120 --- [main] o.apache.catalina.core.StandardService   : Starting service [Tomcat]
2019-06-20 16:34:00.051  INFO 30120 --- [main] org.apache.catalina.core.StandardEngine  : Starting Servlet engine: [Apache Tomcat/9.0.19]
2019-06-20 16:34:00.211  INFO 30120 --- [main] o.a.c.c.C.[Tomcat].[localhost].[/]       : Initializing Spring embedded WebApplicationContext
2019-06-20 16:34:00.211  INFO 30120 --- [main] o.s.web.context.ContextLoader            : Root WebApplicationContext: initialization completed in 1479 ms
2019-06-20 16:34:00.406  INFO 30120 --- [main] o.hibernate.jpa.internal.util.LogHelper  : HHH000204: Processing PersistenceUnitInfo [
	name: default
	...]
2019-06-20 16:34:00.464  INFO 30120 --- [main] org.hibernate.Version                    : HHH000412: Hibernate Core {5.3.10.Final}
2019-06-20 16:34:00.465  INFO 30120 --- [main] org.hibernate.cfg.Environment            : HHH000206: hibernate.properties not found
2019-06-20 16:34:00.597  INFO 30120 --- [main] o.hibernate.annotations.common.Version   : HCANN000001: Hibernate Commons Annotations {5.0.4.Final}
2019-06-20 16:34:00.716  INFO 30120 --- [main] com.zaxxer.hikari.HikariDataSource       : HikariPool-1 - Starting...
2019-06-20 16:34:00.814  INFO 30120 --- [main] com.zaxxer.hikari.HikariDataSource       : HikariPool-1 - Start completed.
2019-06-20 16:34:00.823  INFO 30120 --- [main] org.hibernate.dialect.Dialect            : HHH000400: Using dialect: org.hibernate.dialect.MySQL5Dialect
2019-06-20 16:34:01.544  INFO 30120 --- [main] j.LocalContainerEntityManagerFactoryBean : Initialized JPA EntityManagerFactory for persistence unit 'default'
2019-06-20 16:34:02.323  INFO 30120 --- [main] o.s.s.concurrent.ThreadPoolTaskExecutor  : Initializing ExecutorService 'applicationTaskExecutor'
2019-06-20 16:34:02.352  WARN 30120 --- [main] aWebConfiguration$JpaWebMvcConfiguration : spring.jpa.open-in-view is enabled by default. Therefore, database queries may be performed during view rendering. Explicitly configure spring.jpa.open-in-view to disable this warning
2019-06-20 16:34:02.762  INFO 30120 --- [main] o.s.b.w.embedded.tomcat.TomcatWebServer  : Tomcat started on port(s): 8080 (http) with context path ''
2019-06-20 16:34:02.764  INFO 30120 --- [main] com.forum.demo.ForumApplication          : Started ForumApplication in 4.584 seconds (JVM running for 5.852)
2019-06-20 16:35:14.311  INFO 30120 --- [http-nio-8080-exec-1] o.a.c.c.C.[Tomcat].[localhost].[/]       : Initializing Spring DispatcherServlet 'dispatcherServlet'
2019-06-20 16:35:14.311  INFO 30120 --- [http-nio-8080-exec-1] o.s.web.servlet.DispatcherServlet        : Initializing Servlet 'dispatcherServlet'
2019-06-20 16:35:14.320  INFO 30120 --- [http-nio-8080-exec-1] o.s.web.servlet.DispatcherServlet        : Completed initialization in 9 ms
2019-06-20 16:36:13.770  INFO 30120 --- [http-nio-8080-exec-4] com.forum.demo.Aspect.LoginAspect        : url:/posts/getSearch
2019-06-20 16:36:13.770  INFO 30120 --- [http-nio-8080-exec-4] com.forum.demo.Aspect.LoginAspect        : ip:0:0:0:0:0:0:0:1
2019-06-20 16:36:13.770  INFO 30120 --- [http-nio-8080-exec-4] com.forum.demo.Aspect.LoginAspect        : method:GET
2019-06-20 16:36:13.771  INFO 30120 --- [http-nio-8080-exec-4] com.forum.demo.Aspect.LoginAspect        : class_method:com.forum.demo.Controller.PostsController.getSearch
2019-06-20 16:36:13.772  INFO 30120 --- [http-nio-8080-exec-4] com.forum.demo.Aspect.LoginAspect        : arg:[Ljava.lang.Object;@4e75ae96
2019-06-20 16:36:13.796  INFO 30120 --- [http-nio-8080-exec-4] o.h.h.i.QueryTranslatorFactoryInitiator  : HHH000397: Using ASTQueryTranslatorFactory
2019-06-20 16:37:00.889  INFO 30120 --- [http-nio-8080-exec-7] com.forum.demo.Aspect.LoginAspect        : check login
2019-06-20 16:37:00.993  INFO 30120 --- [http-nio-8080-exec-7] io.lettuce.core.EpollProvider            : Starting without optional epoll library
2019-06-20 16:37:00.994  INFO 30120 --- [http-nio-8080-exec-7] io.lettuce.core.KqueueProvider           : Starting without optional kqueue library
2019-06-20 16:37:02.635 ERROR 30120 --- [http-nio-8080-exec-7] o.a.c.c.C.[.[.[/].[dispatcherServlet]    : Servlet.service() for servlet [dispatcherServlet] in context with path [] threw exception [Request processing failed; nested exception is org.springframework.data.redis.RedisConnectionFailureException: Unable to connect to Redis; nested exception is io.lettuce.core.RedisConnectionException: Unable to connect to 127.0.0.1:6379] with root cause

java.net.ConnectException: Connection refused: no further information
	at sun.nio.ch.SocketChannelImpl.checkConnect(Native Method) ~[na:1.8.0_201]
	at sun.nio.ch.SocketChannelImpl.finishConnect(SocketChannelImpl.java:717) ~[na:1.8.0_201]
	at io.netty.channel.socket.nio.NioSocketChannel.doFinishConnect(NioSocketChannel.java:327) ~[netty-transport-4.1.36.Final.jar:4.1.36.Final]
	at io.netty.channel.nio.AbstractNioChannel$AbstractNioUnsafe.finishConnect(AbstractNioChannel.java:340) ~[netty-transport-4.1.36.Final.jar:4.1.36.Final]
	at io.netty.channel.nio.NioEventLoop.processSelectedKey(NioEventLoop.java:670) ~[netty-transport-4.1.36.Final.jar:4.1.36.Final]
	at io.netty.channel.nio.NioEventLoop.processSelectedKeysOptimized(NioEventLoop.java:617) ~[netty-transport-4.1.36.Final.jar:4.1.36.Final]
	at io.netty.channel.nio.NioEventLoop.processSelectedKeys(NioEventLoop.java:534) ~[netty-transport-4.1.36.Final.jar:4.1.36.Final]
	at io.netty.channel.nio.NioEventLoop.run(NioEventLoop.java:496) ~[netty-transport-4.1.36.Final.jar:4.1.36.Final]
	at io.netty.util.concurrent.SingleThreadEventExecutor$5.run(SingleThreadEventExecutor.java:906) ~[netty-common-4.1.36.Final.jar:4.1.36.Final]
	at io.netty.util.internal.ThreadExecutorMap$2.run(ThreadExecutorMap.java:74) ~[netty-common-4.1.36.Final.jar:4.1.36.Final]
	at io.netty.util.concurrent.FastThreadLocalRunnable.run(FastThreadLocalRunnable.java:30) ~[netty-common-4.1.36.Final.jar:4.1.36.Final]
	at java.lang.Thread.run(Thread.java:748) [na:1.8.0_201]

2019-06-20 16:37:28.657  INFO 30120 --- [http-nio-8080-exec-6] com.forum.demo.Aspect.LoginAspect        : check login
2019-06-20 16:37:29.665 ERROR 30120 --- [http-nio-8080-exec-6] o.a.c.c.C.[.[.[/].[dispatcherServlet]    : Servlet.service() for servlet [dispatcherServlet] in context with path [] threw exception [Request processing failed; nested exception is org.springframework.data.redis.RedisConnectionFailureException: Unable to connect to Redis; nested exception is io.lettuce.core.RedisConnectionException: Unable to connect to 127.0.0.1:6379] with root cause

java.net.ConnectException: Connection refused: no further information
	at sun.nio.ch.SocketChannelImpl.checkConnect(Native Method) ~[na:1.8.0_201]
	at sun.nio.ch.SocketChannelImpl.finishConnect(SocketChannelImpl.java:717) ~[na:1.8.0_201]
	at io.netty.channel.socket.nio.NioSocketChannel.doFinishConnect(NioSocketChannel.java:327) ~[netty-transport-4.1.36.Final.jar:4.1.36.Final]
	at io.netty.channel.nio.AbstractNioChannel$AbstractNioUnsafe.finishConnect(AbstractNioChannel.java:340) ~[netty-transport-4.1.36.Final.jar:4.1.36.Final]
	at io.netty.channel.nio.NioEventLoop.processSelectedKey(NioEventLoop.java:670) ~[netty-transport-4.1.36.Final.jar:4.1.36.Final]
	at io.netty.channel.nio.NioEventLoop.processSelectedKeysOptimized(NioEventLoop.java:617) ~[netty-transport-4.1.36.Final.jar:4.1.36.Final]
	at io.netty.channel.nio.NioEventLoop.processSelectedKeys(NioEventLoop.java:534) ~[netty-transport-4.1.36.Final.jar:4.1.36.Final]
	at io.netty.channel.nio.NioEventLoop.run(NioEventLoop.java:496) ~[netty-transport-4.1.36.Final.jar:4.1.36.Final]
	at io.netty.util.concurrent.SingleThreadEventExecutor$5.run(SingleThreadEventExecutor.java:906) ~[netty-common-4.1.36.Final.jar:4.1.36.Final]
	at io.netty.util.internal.ThreadExecutorMap$2.run(ThreadExecutorMap.java:74) ~[netty-common-4.1.36.Final.jar:4.1.36.Final]
	at io.netty.util.concurrent.FastThreadLocalRunnable.run(FastThreadLocalRunnable.java:30) ~[netty-common-4.1.36.Final.jar:4.1.36.Final]
	at java.lang.Thread.run(Thread.java:748) [na:1.8.0_201]

2019-06-20 16:37:33.906  INFO 30120 --- [http-nio-8080-exec-8] com.forum.demo.Aspect.LoginAspect        : url:/posts/getSearch
2019-06-20 16:37:33.906  INFO 30120 --- [http-nio-8080-exec-8] com.forum.demo.Aspect.LoginAspect        : ip:0:0:0:0:0:0:0:1
2019-06-20 16:37:33.906  INFO 30120 --- [http-nio-8080-exec-8] com.forum.demo.Aspect.LoginAspect        : method:GET
2019-06-20 16:37:33.907  INFO 30120 --- [http-nio-8080-exec-8] com.forum.demo.Aspect.LoginAspect        : class_method:com.forum.demo.Controller.PostsController.getSearch
2019-06-20 16:37:33.907  INFO 30120 --- [http-nio-8080-exec-8] com.forum.demo.Aspect.LoginAspect        : arg:[Ljava.lang.Object;@8c4699d
2019-06-20 16:38:39.412  INFO 25456 --- [main] com.forum.demo.ForumApplication          : Starting ForumApplication on DESKTOP-3UT39UQ with PID 25456 (D:\GitHub\BackEnd\Forum\target\classes started by Shinelon in D:\GitHub\BackEnd)
2019-06-20 16:38:39.415  INFO 25456 --- [main] com.forum.demo.ForumApplication          : No active profile set, falling back to default profiles: default
2019-06-20 16:38:39.967  INFO 25456 --- [main] .s.d.r.c.RepositoryConfigurationDelegate : Multiple Spring Data modules found, entering strict repository configuration mode!
2019-06-20 16:38:39.968  INFO 25456 --- [main] .s.d.r.c.RepositoryConfigurationDelegate : Bootstrapping Spring Data repositories in DEFAULT mode.
2019-06-20 16:38:40.065  INFO 25456 --- [main] .s.d.r.c.RepositoryConfigurationDelegate : Finished Spring Data repository scanning in 91ms. Found 15 repository interfaces.
2019-06-20 16:38:40.079  INFO 25456 --- [main] .s.d.r.c.RepositoryConfigurationDelegate : Multiple Spring Data modules found, entering strict repository configuration mode!
2019-06-20 16:38:40.080  INFO 25456 --- [main] .s.d.r.c.RepositoryConfigurationDelegate : Bootstrapping Spring Data repositories in DEFAULT mode.
2019-06-20 16:38:40.093  INFO 25456 --- [main] .RepositoryConfigurationExtensionSupport : Spring Data Redis - Could not safely identify store assignment for repository candidate interface com.forum.demo.DAO.ClassInfoDao.
2019-06-20 16:38:40.094  INFO 25456 --- [main] .RepositoryConfigurationExtensionSupport : Spring Data Redis - Could not safely identify store assignment for repository candidate interface com.forum.demo.DAO.ClassMemberDao.
2019-06-20 16:38:40.094  INFO 25456 --- [main] .RepositoryConfigurationExtensionSupport : Spring Data Redis - Could not safely identify store assignment for repository candidate interface com.forum.demo.DAO.ClassTaskDao.
2019-06-20 16:38:40.095  INFO 25456 --- [main] .RepositoryConfigurationExtensionSupport : Spring Data Redis - Could not safely identify store assignment for repository candidate interface com.forum.demo.DAO.CustomDao.
2019-06-20 16:38:40.095  INFO 25456 --- [main] .RepositoryConfigurationExtensionSupport : Spring Data Redis - Could not safely identify store assignment for repository candidate interface com.forum.demo.DAO.ExamDao.
2019-06-20 16:38:40.095  INFO 25456 --- [main] .RepositoryConfigurationExtensionSupport : Spring Data Redis - Could not safely identify store assignment for repository candidate interface com.forum.demo.DAO.ExamInfoDao.
2019-06-20 16:38:40.096  INFO 25456 --- [main] .RepositoryConfigurationExtensionSupport : Spring Data Redis - Could not safely identify store assignment for repository candidate interface com.forum.demo.DAO.FriendDao.
2019-06-20 16:38:40.096  INFO 25456 --- [main] .RepositoryConfigurationExtensionSupport : Spring Data Redis - Could not safely identify store assignment for repository candidate interface com.forum.demo.DAO.ImageInfoDao.
2019-06-20 16:38:40.096  INFO 25456 --- [main] .RepositoryConfigurationExtensionSupport : Spring Data Redis - Could not safely identify store assignment for repository candidate interface com.forum.demo.DAO.PostsDao.
2019-06-20 16:38:40.097  INFO 25456 --- [main] .RepositoryConfigurationExtensionSupport : Spring Data Redis - Could not safely identify store assignment for repository candidate interface com.forum.demo.DAO.ReplyDao.
2019-06-20 16:38:40.097  INFO 25456 --- [main] .RepositoryConfigurationExtensionSupport : Spring Data Redis - Could not safely identify store assignment for repository candidate interface com.forum.demo.DAO.TalkDao.
2019-06-20 16:38:40.098  INFO 25456 --- [main] .RepositoryConfigurationExtensionSupport : Spring Data Redis - Could not safely identify store assignment for repository candidate interface com.forum.demo.DAO.TaskDao.
2019-06-20 16:38:40.098  INFO 25456 --- [main] .RepositoryConfigurationExtensionSupport : Spring Data Redis - Could not safely identify store assignment for repository candidate interface com.forum.demo.DAO.TaskListDao.
2019-06-20 16:38:40.098  INFO 25456 --- [main] .RepositoryConfigurationExtensionSupport : Spring Data Redis - Could not safely identify store assignment for repository candidate interface com.forum.demo.DAO.UserInfoDao.
2019-06-20 16:38:40.099  INFO 25456 --- [main] .RepositoryConfigurationExtensionSupport : Spring Data Redis - Could not safely identify store assignment for repository candidate interface com.forum.demo.DAO.WatchedDao.
2019-06-20 16:38:40.099  INFO 25456 --- [main] .s.d.r.c.RepositoryConfigurationDelegate : Finished Spring Data repository scanning in 13ms. Found 0 repository interfaces.
2019-06-20 16:38:40.327  INFO 25456 --- [main] trationDelegate$BeanPostProcessorChecker : Bean 'org.springframework.transaction.annotation.ProxyTransactionManagementConfiguration' of type [org.springframework.transaction.annotation.ProxyTransactionManagementConfiguration$$EnhancerBySpringCGLIB$$d7272804] is not eligible for getting processed by all BeanPostProcessors (for example: not eligible for auto-proxying)
2019-06-20 16:38:40.611  INFO 25456 --- [main] o.s.b.w.embedded.tomcat.TomcatWebServer  : Tomcat initialized with port(s): 8080 (http)
2019-06-20 16:38:40.625  INFO 25456 --- [main] o.apache.catalina.core.StandardService   : Starting service [Tomcat]
2019-06-20 16:38:40.625  INFO 25456 --- [main] org.apache.catalina.core.StandardEngine  : Starting Servlet engine: [Apache Tomcat/9.0.19]
2019-06-20 16:38:40.772  INFO 25456 --- [main] o.a.c.c.C.[Tomcat].[localhost].[/]       : Initializing Spring embedded WebApplicationContext
2019-06-20 16:38:40.772  INFO 25456 --- [main] o.s.web.context.ContextLoader            : Root WebApplicationContext: initialization completed in 1316 ms
2019-06-20 16:38:40.951  INFO 25456 --- [main] o.hibernate.jpa.internal.util.LogHelper  : HHH000204: Processing PersistenceUnitInfo [
	name: default
	...]
2019-06-20 16:38:40.989  INFO 25456 --- [main] org.hibernate.Version                    : HHH000412: Hibernate Core {5.3.10.Final}
2019-06-20 16:38:40.990  INFO 25456 --- [main] org.hibernate.cfg.Environment            : HHH000206: hibernate.properties not found
2019-06-20 16:38:41.070  INFO 25456 --- [main] o.hibernate.annotations.common.Version   : HCANN000001: Hibernate Commons Annotations {5.0.4.Final}
2019-06-20 16:38:41.152  INFO 25456 --- [main] com.zaxxer.hikari.HikariDataSource       : HikariPool-1 - Starting...
2019-06-20 16:38:41.227  INFO 25456 --- [main] com.zaxxer.hikari.HikariDataSource       : HikariPool-1 - Start completed.
2019-06-20 16:38:41.235  INFO 25456 --- [main] org.hibernate.dialect.Dialect            : HHH000400: Using dialect: org.hibernate.dialect.MySQL5Dialect
2019-06-20 16:38:41.779  INFO 25456 --- [main] j.LocalContainerEntityManagerFactoryBean : Initialized JPA EntityManagerFactory for persistence unit 'default'
2019-06-20 16:38:42.457  INFO 25456 --- [main] o.s.s.concurrent.ThreadPoolTaskExecutor  : Initializing ExecutorService 'applicationTaskExecutor'
2019-06-20 16:38:42.483  WARN 25456 --- [main] aWebConfiguration$JpaWebMvcConfiguration : spring.jpa.open-in-view is enabled by default. Therefore, database queries may be performed during view rendering. Explicitly configure spring.jpa.open-in-view to disable this warning
2019-06-20 16:38:42.846  INFO 25456 --- [main] o.s.b.w.embedded.tomcat.TomcatWebServer  : Tomcat started on port(s): 8080 (http) with context path ''
2019-06-20 16:38:42.847  INFO 25456 --- [main] com.forum.demo.ForumApplication          : Started ForumApplication in 3.817 seconds (JVM running for 4.748)
2019-06-20 16:38:47.808  INFO 25456 --- [http-nio-8080-exec-1] o.a.c.c.C.[Tomcat].[localhost].[/]       : Initializing Spring DispatcherServlet 'dispatcherServlet'
2019-06-20 16:38:47.809  INFO 25456 --- [http-nio-8080-exec-1] o.s.web.servlet.DispatcherServlet        : Initializing Servlet 'dispatcherServlet'
2019-06-20 16:38:47.815  INFO 25456 --- [http-nio-8080-exec-1] o.s.web.servlet.DispatcherServlet        : Completed initialization in 6 ms
2019-06-20 16:38:47.859  INFO 25456 --- [http-nio-8080-exec-1] com.forum.demo.Aspect.LoginAspect        : check login
2019-06-20 16:38:47.927  INFO 25456 --- [http-nio-8080-exec-1] io.lettuce.core.EpollProvider            : Starting without optional epoll library
2019-06-20 16:38:47.928  INFO 25456 --- [http-nio-8080-exec-1] io.lettuce.core.KqueueProvider           : Starting without optional kqueue library
2019-06-20 16:38:49.546 ERROR 25456 --- [http-nio-8080-exec-1] o.a.c.c.C.[.[.[/].[dispatcherServlet]    : Servlet.service() for servlet [dispatcherServlet] in context with path [] threw exception [Request processing failed; nested exception is org.springframework.data.redis.RedisConnectionFailureException: Unable to connect to Redis; nested exception is io.lettuce.core.RedisConnectionException: Unable to connect to 127.0.0.1:6379] with root cause

java.net.ConnectException: Connection refused: no further information
	at sun.nio.ch.SocketChannelImpl.checkConnect(Native Method) ~[na:1.8.0_201]
	at sun.nio.ch.SocketChannelImpl.finishConnect(SocketChannelImpl.java:717) ~[na:1.8.0_201]
	at io.netty.channel.socket.nio.NioSocketChannel.doFinishConnect(NioSocketChannel.java:327) ~[netty-transport-4.1.36.Final.jar:4.1.36.Final]
	at io.netty.channel.nio.AbstractNioChannel$AbstractNioUnsafe.finishConnect(AbstractNioChannel.java:340) ~[netty-transport-4.1.36.Final.jar:4.1.36.Final]
	at io.netty.channel.nio.NioEventLoop.processSelectedKey(NioEventLoop.java:670) ~[netty-transport-4.1.36.Final.jar:4.1.36.Final]
	at io.netty.channel.nio.NioEventLoop.processSelectedKeysOptimized(NioEventLoop.java:617) ~[netty-transport-4.1.36.Final.jar:4.1.36.Final]
	at io.netty.channel.nio.NioEventLoop.processSelectedKeys(NioEventLoop.java:534) ~[netty-transport-4.1.36.Final.jar:4.1.36.Final]
	at io.netty.channel.nio.NioEventLoop.run(NioEventLoop.java:496) ~[netty-transport-4.1.36.Final.jar:4.1.36.Final]
	at io.netty.util.concurrent.SingleThreadEventExecutor$5.run(SingleThreadEventExecutor.java:906) ~[netty-common-4.1.36.Final.jar:4.1.36.Final]
	at io.netty.util.internal.ThreadExecutorMap$2.run(ThreadExecutorMap.java:74) ~[netty-common-4.1.36.Final.jar:4.1.36.Final]
	at io.netty.util.concurrent.FastThreadLocalRunnable.run(FastThreadLocalRunnable.java:30) ~[netty-common-4.1.36.Final.jar:4.1.36.Final]
	at java.lang.Thread.run(Thread.java:748) [na:1.8.0_201]

2019-06-20 16:38:56.682  INFO 25456 --- [http-nio-8080-exec-2] com.forum.demo.Aspect.LoginAspect        : check login
2019-06-20 16:38:57.692 ERROR 25456 --- [http-nio-8080-exec-2] o.a.c.c.C.[.[.[/].[dispatcherServlet]    : Servlet.service() for servlet [dispatcherServlet] in context with path [] threw exception [Request processing failed; nested exception is org.springframework.data.redis.RedisConnectionFailureException: Unable to connect to Redis; nested exception is io.lettuce.core.RedisConnectionException: Unable to connect to 127.0.0.1:6379] with root cause

java.net.ConnectException: Connection refused: no further information
	at sun.nio.ch.SocketChannelImpl.checkConnect(Native Method) ~[na:1.8.0_201]
	at sun.nio.ch.SocketChannelImpl.finishConnect(SocketChannelImpl.java:717) ~[na:1.8.0_201]
	at io.netty.channel.socket.nio.NioSocketChannel.doFinishConnect(NioSocketChannel.java:327) ~[netty-transport-4.1.36.Final.jar:4.1.36.Final]
	at io.netty.channel.nio.AbstractNioChannel$AbstractNioUnsafe.finishConnect(AbstractNioChannel.java:340) ~[netty-transport-4.1.36.Final.jar:4.1.36.Final]
	at io.netty.channel.nio.NioEventLoop.processSelectedKey(NioEventLoop.java:670) ~[netty-transport-4.1.36.Final.jar:4.1.36.Final]
	at io.netty.channel.nio.NioEventLoop.processSelectedKeysOptimized(NioEventLoop.java:617) ~[netty-transport-4.1.36.Final.jar:4.1.36.Final]
	at io.netty.channel.nio.NioEventLoop.processSelectedKeys(NioEventLoop.java:534) ~[netty-transport-4.1.36.Final.jar:4.1.36.Final]
	at io.netty.channel.nio.NioEventLoop.run(NioEventLoop.java:496) ~[netty-transport-4.1.36.Final.jar:4.1.36.Final]
	at io.netty.util.concurrent.SingleThreadEventExecutor$5.run(SingleThreadEventExecutor.java:906) ~[netty-common-4.1.36.Final.jar:4.1.36.Final]
	at io.netty.util.internal.ThreadExecutorMap$2.run(ThreadExecutorMap.java:74) ~[netty-common-4.1.36.Final.jar:4.1.36.Final]
	at io.netty.util.concurrent.FastThreadLocalRunnable.run(FastThreadLocalRunnable.java:30) ~[netty-common-4.1.36.Final.jar:4.1.36.Final]
	at java.lang.Thread.run(Thread.java:748) [na:1.8.0_201]

2019-06-20 17:01:18.095  INFO 25456 --- [http-nio-8080-exec-3] com.forum.demo.Aspect.LoginAspect        : check login
2019-06-20 17:01:19.104 ERROR 25456 --- [http-nio-8080-exec-3] o.a.c.c.C.[.[.[/].[dispatcherServlet]    : Servlet.service() for servlet [dispatcherServlet] in context with path [] threw exception [Request processing failed; nested exception is org.springframework.data.redis.RedisConnectionFailureException: Unable to connect to Redis; nested exception is io.lettuce.core.RedisConnectionException: Unable to connect to 127.0.0.1:6379] with root cause

java.net.ConnectException: Connection refused: no further information
	at sun.nio.ch.SocketChannelImpl.checkConnect(Native Method) ~[na:1.8.0_201]
	at sun.nio.ch.SocketChannelImpl.finishConnect(SocketChannelImpl.java:717) ~[na:1.8.0_201]
	at io.netty.channel.socket.nio.NioSocketChannel.doFinishConnect(NioSocketChannel.java:327) ~[netty-transport-4.1.36.Final.jar:4.1.36.Final]
	at io.netty.channel.nio.AbstractNioChannel$AbstractNioUnsafe.finishConnect(AbstractNioChannel.java:340) ~[netty-transport-4.1.36.Final.jar:4.1.36.Final]
	at io.netty.channel.nio.NioEventLoop.processSelectedKey(NioEventLoop.java:670) ~[netty-transport-4.1.36.Final.jar:4.1.36.Final]
	at io.netty.channel.nio.NioEventLoop.processSelectedKeysOptimized(NioEventLoop.java:617) ~[netty-transport-4.1.36.Final.jar:4.1.36.Final]
	at io.netty.channel.nio.NioEventLoop.processSelectedKeys(NioEventLoop.java:534) ~[netty-transport-4.1.36.Final.jar:4.1.36.Final]
	at io.netty.channel.nio.NioEventLoop.run(NioEventLoop.java:496) ~[netty-transport-4.1.36.Final.jar:4.1.36.Final]
	at io.netty.util.concurrent.SingleThreadEventExecutor$5.run(SingleThreadEventExecutor.java:906) ~[netty-common-4.1.36.Final.jar:4.1.36.Final]
	at io.netty.util.internal.ThreadExecutorMap$2.run(ThreadExecutorMap.java:74) ~[netty-common-4.1.36.Final.jar:4.1.36.Final]
	at io.netty.util.concurrent.FastThreadLocalRunnable.run(FastThreadLocalRunnable.java:30) ~[netty-common-4.1.36.Final.jar:4.1.36.Final]
	at java.lang.Thread.run(Thread.java:748) [na:1.8.0_201]

2019-06-20 17:01:21.486  INFO 25456 --- [http-nio-8080-exec-5] com.forum.demo.Aspect.LoginAspect        : url:/posts/getSearch
2019-06-20 17:01:21.487  INFO 25456 --- [http-nio-8080-exec-5] com.forum.demo.Aspect.LoginAspect        : ip:0:0:0:0:0:0:0:1
2019-06-20 17:01:21.487  INFO 25456 --- [http-nio-8080-exec-5] com.forum.demo.Aspect.LoginAspect        : method:GET
2019-06-20 17:01:21.488  INFO 25456 --- [http-nio-8080-exec-5] com.forum.demo.Aspect.LoginAspect        : class_method:com.forum.demo.Controller.PostsController.getSearch
2019-06-20 17:01:21.489  INFO 25456 --- [http-nio-8080-exec-5] com.forum.demo.Aspect.LoginAspect        : arg:[Ljava.lang.Object;@2cc9c337
2019-06-20 17:01:21.509  INFO 25456 --- [http-nio-8080-exec-5] o.h.h.i.QueryTranslatorFactoryInitiator  : HHH000397: Using ASTQueryTranslatorFactory
2019-06-20 17:01:30.905  INFO 25456 --- [http-nio-8080-exec-4] com.forum.demo.Aspect.LoginAspect        : url:/posts/getSearch
2019-06-20 17:01:30.906  INFO 25456 --- [http-nio-8080-exec-4] com.forum.demo.Aspect.LoginAspect        : ip:0:0:0:0:0:0:0:1
2019-06-20 17:01:30.906  INFO 25456 --- [http-nio-8080-exec-4] com.forum.demo.Aspect.LoginAspect        : method:GET
2019-06-20 17:01:30.906  INFO 25456 --- [http-nio-8080-exec-4] com.forum.demo.Aspect.LoginAspect        : class_method:com.forum.demo.Controller.PostsController.getSearch
2019-06-20 17:01:30.906  INFO 25456 --- [http-nio-8080-exec-4] com.forum.demo.Aspect.LoginAspect        : arg:[Ljava.lang.Object;@659cf019
2019-06-20 17:23:19.443  INFO 27236 --- [main] com.forum.demo.ForumApplication          : Starting ForumApplication on DESKTOP-3UT39UQ with PID 27236 (D:\GitHub\BackEnd\Forum\target\classes started by Shinelon in D:\GitHub\BackEnd)
2019-06-20 17:23:19.446  INFO 27236 --- [main] com.forum.demo.ForumApplication          : No active profile set, falling back to default profiles: default
2019-06-20 17:23:20.008  INFO 27236 --- [main] .s.d.r.c.RepositoryConfigurationDelegate : Multiple Spring Data modules found, entering strict repository configuration mode!
2019-06-20 17:23:20.008  INFO 27236 --- [main] .s.d.r.c.RepositoryConfigurationDelegate : Bootstrapping Spring Data repositories in DEFAULT mode.
2019-06-20 17:23:20.116  INFO 27236 --- [main] .s.d.r.c.RepositoryConfigurationDelegate : Finished Spring Data repository scanning in 103ms. Found 15 repository interfaces.
2019-06-20 17:23:20.127  INFO 27236 --- [main] .s.d.r.c.RepositoryConfigurationDelegate : Multiple Spring Data modules found, entering strict repository configuration mode!
2019-06-20 17:23:20.128  INFO 27236 --- [main] .s.d.r.c.RepositoryConfigurationDelegate : Bootstrapping Spring Data repositories in DEFAULT mode.
2019-06-20 17:23:20.144  INFO 27236 --- [main] .RepositoryConfigurationExtensionSupport : Spring Data Redis - Could not safely identify store assignment for repository candidate interface com.forum.demo.DAO.ClassInfoDao.
2019-06-20 17:23:20.145  INFO 27236 --- [main] .RepositoryConfigurationExtensionSupport : Spring Data Redis - Could not safely identify store assignment for repository candidate interface com.forum.demo.DAO.ClassMemberDao.
2019-06-20 17:23:20.145  INFO 27236 --- [main] .RepositoryConfigurationExtensionSupport : Spring Data Redis - Could not safely identify store assignment for repository candidate interface com.forum.demo.DAO.ClassTaskDao.
2019-06-20 17:23:20.146  INFO 27236 --- [main] .RepositoryConfigurationExtensionSupport : Spring Data Redis - Could not safely identify store assignment for repository candidate interface com.forum.demo.DAO.CustomDao.
2019-06-20 17:23:20.146  INFO 27236 --- [main] .RepositoryConfigurationExtensionSupport : Spring Data Redis - Could not safely identify store assignment for repository candidate interface com.forum.demo.DAO.ExamDao.
2019-06-20 17:23:20.146  INFO 27236 --- [main] .RepositoryConfigurationExtensionSupport : Spring Data Redis - Could not safely identify store assignment for repository candidate interface com.forum.demo.DAO.ExamInfoDao.
2019-06-20 17:23:20.146  INFO 27236 --- [main] .RepositoryConfigurationExtensionSupport : Spring Data Redis - Could not safely identify store assignment for repository candidate interface com.forum.demo.DAO.FriendDao.
2019-06-20 17:23:20.147  INFO 27236 --- [main] .RepositoryConfigurationExtensionSupport : Spring Data Redis - Could not safely identify store assignment for repository candidate interface com.forum.demo.DAO.ImageInfoDao.
2019-06-20 17:23:20.147  INFO 27236 --- [main] .RepositoryConfigurationExtensionSupport : Spring Data Redis - Could not safely identify store assignment for repository candidate interface com.forum.demo.DAO.PostsDao.
2019-06-20 17:23:20.147  INFO 27236 --- [main] .RepositoryConfigurationExtensionSupport : Spring Data Redis - Could not safely identify store assignment for repository candidate interface com.forum.demo.DAO.ReplyDao.
2019-06-20 17:23:20.148  INFO 27236 --- [main] .RepositoryConfigurationExtensionSupport : Spring Data Redis - Could not safely identify store assignment for repository candidate interface com.forum.demo.DAO.TalkDao.
2019-06-20 17:23:20.148  INFO 27236 --- [main] .RepositoryConfigurationExtensionSupport : Spring Data Redis - Could not safely identify store assignment for repository candidate interface com.forum.demo.DAO.TaskDao.
2019-06-20 17:23:20.148  INFO 27236 --- [main] .RepositoryConfigurationExtensionSupport : Spring Data Redis - Could not safely identify store assignment for repository candidate interface com.forum.demo.DAO.TaskListDao.
2019-06-20 17:23:20.149  INFO 27236 --- [main] .RepositoryConfigurationExtensionSupport : Spring Data Redis - Could not safely identify store assignment for repository candidate interface com.forum.demo.DAO.UserInfoDao.
2019-06-20 17:23:20.149  INFO 27236 --- [main] .RepositoryConfigurationExtensionSupport : Spring Data Redis - Could not safely identify store assignment for repository candidate interface com.forum.demo.DAO.WatchedDao.
2019-06-20 17:23:20.149  INFO 27236 --- [main] .s.d.r.c.RepositoryConfigurationDelegate : Finished Spring Data repository scanning in 13ms. Found 0 repository interfaces.
2019-06-20 17:23:20.424  INFO 27236 --- [main] trationDelegate$BeanPostProcessorChecker : Bean 'org.springframework.transaction.annotation.ProxyTransactionManagementConfiguration' of type [org.springframework.transaction.annotation.ProxyTransactionManagementConfiguration$$EnhancerBySpringCGLIB$$3ce6a74b] is not eligible for getting processed by all BeanPostProcessors (for example: not eligible for auto-proxying)
2019-06-20 17:23:20.725  INFO 27236 --- [main] o.s.b.w.embedded.tomcat.TomcatWebServer  : Tomcat initialized with port(s): 8080 (http)
2019-06-20 17:23:20.741  INFO 27236 --- [main] o.apache.catalina.core.StandardService   : Starting service [Tomcat]
2019-06-20 17:23:20.741  INFO 27236 --- [main] org.apache.catalina.core.StandardEngine  : Starting Servlet engine: [Apache Tomcat/9.0.19]
2019-06-20 17:23:20.894  INFO 27236 --- [main] o.a.c.c.C.[Tomcat].[localhost].[/]       : Initializing Spring embedded WebApplicationContext
2019-06-20 17:23:20.894  INFO 27236 --- [main] o.s.web.context.ContextLoader            : Root WebApplicationContext: initialization completed in 1413 ms
2019-06-20 17:23:21.089  INFO 27236 --- [main] o.hibernate.jpa.internal.util.LogHelper  : HHH000204: Processing PersistenceUnitInfo [
	name: default
	...]
2019-06-20 17:23:21.129  INFO 27236 --- [main] org.hibernate.Version                    : HHH000412: Hibernate Core {5.3.10.Final}
2019-06-20 17:23:21.130  INFO 27236 --- [main] org.hibernate.cfg.Environment            : HHH000206: hibernate.properties not found
2019-06-20 17:23:21.208  INFO 27236 --- [main] o.hibernate.annotations.common.Version   : HCANN000001: Hibernate Commons Annotations {5.0.4.Final}
2019-06-20 17:23:21.295  INFO 27236 --- [main] com.zaxxer.hikari.HikariDataSource       : HikariPool-1 - Starting...
2019-06-20 17:23:21.378  INFO 27236 --- [main] com.zaxxer.hikari.HikariDataSource       : HikariPool-1 - Start completed.
2019-06-20 17:23:21.386  INFO 27236 --- [main] org.hibernate.dialect.Dialect            : HHH000400: Using dialect: org.hibernate.dialect.MySQL5Dialect
2019-06-20 17:23:21.972  INFO 27236 --- [main] j.LocalContainerEntityManagerFactoryBean : Initialized JPA EntityManagerFactory for persistence unit 'default'
2019-06-20 17:23:22.698  INFO 27236 --- [main] o.s.s.concurrent.ThreadPoolTaskExecutor  : Initializing ExecutorService 'applicationTaskExecutor'
2019-06-20 17:23:22.724  WARN 27236 --- [main] aWebConfiguration$JpaWebMvcConfiguration : spring.jpa.open-in-view is enabled by default. Therefore, database queries may be performed during view rendering. Explicitly configure spring.jpa.open-in-view to disable this warning
2019-06-20 17:23:23.118  INFO 27236 --- [main] o.s.b.w.embedded.tomcat.TomcatWebServer  : Tomcat started on port(s): 8080 (http) with context path ''
2019-06-20 17:23:23.119  INFO 27236 --- [main] com.forum.demo.ForumApplication          : Started ForumApplication in 4.04 seconds (JVM running for 5.01)
2019-06-20 17:23:32.357  INFO 27236 --- [http-nio-8080-exec-1] o.a.c.c.C.[Tomcat].[localhost].[/]       : Initializing Spring DispatcherServlet 'dispatcherServlet'
2019-06-20 17:23:32.358  INFO 27236 --- [http-nio-8080-exec-1] o.s.web.servlet.DispatcherServlet        : Initializing Servlet 'dispatcherServlet'
2019-06-20 17:23:32.365  INFO 27236 --- [http-nio-8080-exec-1] o.s.web.servlet.DispatcherServlet        : Completed initialization in 7 ms
2019-06-20 17:24:13.010  INFO 15492 --- [main] com.forum.demo.ForumApplication          : Starting ForumApplication on DESKTOP-3UT39UQ with PID 15492 (D:\GitHub\BackEnd\Forum\target\classes started by Shinelon in D:\GitHub\BackEnd)
2019-06-20 17:24:13.013  INFO 15492 --- [main] com.forum.demo.ForumApplication          : No active profile set, falling back to default profiles: default
2019-06-20 17:24:13.567  INFO 15492 --- [main] .s.d.r.c.RepositoryConfigurationDelegate : Multiple Spring Data modules found, entering strict repository configuration mode!
2019-06-20 17:24:13.568  INFO 15492 --- [main] .s.d.r.c.RepositoryConfigurationDelegate : Bootstrapping Spring Data repositories in DEFAULT mode.
2019-06-20 17:24:13.649  INFO 15492 --- [main] .s.d.r.c.RepositoryConfigurationDelegate : Finished Spring Data repository scanning in 78ms. Found 15 repository interfaces.
2019-06-20 17:24:13.660  INFO 15492 --- [main] .s.d.r.c.RepositoryConfigurationDelegate : Multiple Spring Data modules found, entering strict repository configuration mode!
2019-06-20 17:24:13.661  INFO 15492 --- [main] .s.d.r.c.RepositoryConfigurationDelegate : Bootstrapping Spring Data repositories in DEFAULT mode.
2019-06-20 17:24:13.673  INFO 15492 --- [main] .RepositoryConfigurationExtensionSupport : Spring Data Redis - Could not safely identify store assignment for repository candidate interface com.forum.demo.DAO.ClassInfoDao.
2019-06-20 17:24:13.673  INFO 15492 --- [main] .RepositoryConfigurationExtensionSupport : Spring Data Redis - Could not safely identify store assignment for repository candidate interface com.forum.demo.DAO.ClassMemberDao.
2019-06-20 17:24:13.674  INFO 15492 --- [main] .RepositoryConfigurationExtensionSupport : Spring Data Redis - Could not safely identify store assignment for repository candidate interface com.forum.demo.DAO.ClassTaskDao.
2019-06-20 17:24:13.674  INFO 15492 --- [main] .RepositoryConfigurationExtensionSupport : Spring Data Redis - Could not safely identify store assignment for repository candidate interface com.forum.demo.DAO.CustomDao.
2019-06-20 17:24:13.674  INFO 15492 --- [main] .RepositoryConfigurationExtensionSupport : Spring Data Redis - Could not safely identify store assignment for repository candidate interface com.forum.demo.DAO.ExamDao.
2019-06-20 17:24:13.675  INFO 15492 --- [main] .RepositoryConfigurationExtensionSupport : Spring Data Redis - Could not safely identify store assignment for repository candidate interface com.forum.demo.DAO.ExamInfoDao.
2019-06-20 17:24:13.675  INFO 15492 --- [main] .RepositoryConfigurationExtensionSupport : Spring Data Redis - Could not safely identify store assignment for repository candidate interface com.forum.demo.DAO.FriendDao.
2019-06-20 17:24:13.675  INFO 15492 --- [main] .RepositoryConfigurationExtensionSupport : Spring Data Redis - Could not safely identify store assignment for repository candidate interface com.forum.demo.DAO.ImageInfoDao.
2019-06-20 17:24:13.676  INFO 15492 --- [main] .RepositoryConfigurationExtensionSupport : Spring Data Redis - Could not safely identify store assignment for repository candidate interface com.forum.demo.DAO.PostsDao.
2019-06-20 17:24:13.676  INFO 15492 --- [main] .RepositoryConfigurationExtensionSupport : Spring Data Redis - Could not safely identify store assignment for repository candidate interface com.forum.demo.DAO.ReplyDao.
2019-06-20 17:24:13.676  INFO 15492 --- [main] .RepositoryConfigurationExtensionSupport : Spring Data Redis - Could not safely identify store assignment for repository candidate interface com.forum.demo.DAO.TalkDao.
2019-06-20 17:24:13.677  INFO 15492 --- [main] .RepositoryConfigurationExtensionSupport : Spring Data Redis - Could not safely identify store assignment for repository candidate interface com.forum.demo.DAO.TaskDao.
2019-06-20 17:24:13.677  INFO 15492 --- [main] .RepositoryConfigurationExtensionSupport : Spring Data Redis - Could not safely identify store assignment for repository candidate interface com.forum.demo.DAO.TaskListDao.
2019-06-20 17:24:13.677  INFO 15492 --- [main] .RepositoryConfigurationExtensionSupport : Spring Data Redis - Could not safely identify store assignment for repository candidate interface com.forum.demo.DAO.UserInfoDao.
2019-06-20 17:24:13.677  INFO 15492 --- [main] .RepositoryConfigurationExtensionSupport : Spring Data Redis - Could not safely identify store assignment for repository candidate interface com.forum.demo.DAO.WatchedDao.
2019-06-20 17:24:13.678  INFO 15492 --- [main] .s.d.r.c.RepositoryConfigurationDelegate : Finished Spring Data repository scanning in 12ms. Found 0 repository interfaces.
2019-06-20 17:24:13.921  INFO 15492 --- [main] trationDelegate$BeanPostProcessorChecker : Bean 'org.springframework.transaction.annotation.ProxyTransactionManagementConfiguration' of type [org.springframework.transaction.annotation.ProxyTransactionManagementConfiguration$$EnhancerBySpringCGLIB$$bce85e13] is not eligible for getting processed by all BeanPostProcessors (for example: not eligible for auto-proxying)
2019-06-20 17:24:14.230  INFO 15492 --- [main] o.s.b.w.embedded.tomcat.TomcatWebServer  : Tomcat initialized with port(s): 8080 (http)
2019-06-20 17:24:14.244  INFO 15492 --- [main] o.apache.catalina.core.StandardService   : Starting service [Tomcat]
2019-06-20 17:24:14.244  INFO 15492 --- [main] org.apache.catalina.core.StandardEngine  : Starting Servlet engine: [Apache Tomcat/9.0.19]
2019-06-20 17:24:14.392  INFO 15492 --- [main] o.a.c.c.C.[Tomcat].[localhost].[/]       : Initializing Spring embedded WebApplicationContext
2019-06-20 17:24:14.392  INFO 15492 --- [main] o.s.web.context.ContextLoader            : Root WebApplicationContext: initialization completed in 1339 ms
2019-06-20 17:24:14.570  INFO 15492 --- [main] o.hibernate.jpa.internal.util.LogHelper  : HHH000204: Processing PersistenceUnitInfo [
	name: default
	...]
2019-06-20 17:24:14.605  INFO 15492 --- [main] org.hibernate.Version                    : HHH000412: Hibernate Core {5.3.10.Final}
2019-06-20 17:24:14.606  INFO 15492 --- [main] org.hibernate.cfg.Environment            : HHH000206: hibernate.properties not found
2019-06-20 17:24:14.682  INFO 15492 --- [main] o.hibernate.annotations.common.Version   : HCANN000001: Hibernate Commons Annotations {5.0.4.Final}
2019-06-20 17:24:14.763  INFO 15492 --- [main] com.zaxxer.hikari.HikariDataSource       : HikariPool-1 - Starting...
2019-06-20 17:24:14.849  INFO 15492 --- [main] com.zaxxer.hikari.HikariDataSource       : HikariPool-1 - Start completed.
2019-06-20 17:24:14.856  INFO 15492 --- [main] org.hibernate.dialect.Dialect            : HHH000400: Using dialect: org.hibernate.dialect.MySQL5Dialect
2019-06-20 17:24:15.398  INFO 15492 --- [main] j.LocalContainerEntityManagerFactoryBean : Initialized JPA EntityManagerFactory for persistence unit 'default'
2019-06-20 17:24:16.068  INFO 15492 --- [main] o.s.s.concurrent.ThreadPoolTaskExecutor  : Initializing ExecutorService 'applicationTaskExecutor'
2019-06-20 17:24:16.093  WARN 15492 --- [main] aWebConfiguration$JpaWebMvcConfiguration : spring.jpa.open-in-view is enabled by default. Therefore, database queries may be performed during view rendering. Explicitly configure spring.jpa.open-in-view to disable this warning
2019-06-20 17:24:16.479  INFO 15492 --- [main] o.s.b.w.embedded.tomcat.TomcatWebServer  : Tomcat started on port(s): 8080 (http) with context path ''
2019-06-20 17:24:16.480  INFO 15492 --- [main] com.forum.demo.ForumApplication          : Started ForumApplication in 3.856 seconds (JVM running for 4.835)
2019-06-20 17:24:42.036  INFO 15492 --- [http-nio-8080-exec-1] o.a.c.c.C.[Tomcat].[localhost].[/]       : Initializing Spring DispatcherServlet 'dispatcherServlet'
2019-06-20 17:24:42.036  INFO 15492 --- [http-nio-8080-exec-1] o.s.web.servlet.DispatcherServlet        : Initializing Servlet 'dispatcherServlet'
2019-06-20 17:24:42.043  INFO 15492 --- [http-nio-8080-exec-1] o.s.web.servlet.DispatcherServlet        : Completed initialization in 7 ms
2019-06-20 17:24:42.068  INFO 15492 --- [http-nio-8080-exec-1] com.forum.demo.Aspect.LoginAspect        : url:/task/getTaskList
2019-06-20 17:24:42.068  INFO 15492 --- [http-nio-8080-exec-1] com.forum.demo.Aspect.LoginAspect        : ip:0:0:0:0:0:0:0:1
2019-06-20 17:24:42.068  INFO 15492 --- [http-nio-8080-exec-1] com.forum.demo.Aspect.LoginAspect        : method:GET
2019-06-20 17:24:42.069  INFO 15492 --- [http-nio-8080-exec-1] com.forum.demo.Aspect.LoginAspect        : class_method:com.forum.demo.Controller.TaskController.getTaskList
2019-06-20 17:24:42.069  INFO 15492 --- [http-nio-8080-exec-1] com.forum.demo.Aspect.LoginAspect        : arg:[Ljava.lang.Object;@166afd4f
2019-06-20 17:25:36.361  INFO 14716 --- [main] com.forum.demo.ForumApplication          : Starting ForumApplication on DESKTOP-3UT39UQ with PID 14716 (D:\GitHub\BackEnd\Forum\target\classes started by Shinelon in D:\GitHub\BackEnd)
2019-06-20 17:25:36.364  INFO 14716 --- [main] com.forum.demo.ForumApplication          : No active profile set, falling back to default profiles: default
2019-06-20 17:25:36.937  INFO 14716 --- [main] .s.d.r.c.RepositoryConfigurationDelegate : Multiple Spring Data modules found, entering strict repository configuration mode!
2019-06-20 17:25:36.938  INFO 14716 --- [main] .s.d.r.c.RepositoryConfigurationDelegate : Bootstrapping Spring Data repositories in DEFAULT mode.
2019-06-20 17:25:37.031  INFO 14716 --- [main] .s.d.r.c.RepositoryConfigurationDelegate : Finished Spring Data repository scanning in 86ms. Found 15 repository interfaces.
2019-06-20 17:25:37.042  INFO 14716 --- [main] .s.d.r.c.RepositoryConfigurationDelegate : Multiple Spring Data modules found, entering strict repository configuration mode!
2019-06-20 17:25:37.043  INFO 14716 --- [main] .s.d.r.c.RepositoryConfigurationDelegate : Bootstrapping Spring Data repositories in DEFAULT mode.
2019-06-20 17:25:37.058  INFO 14716 --- [main] .RepositoryConfigurationExtensionSupport : Spring Data Redis - Could not safely identify store assignment for repository candidate interface com.forum.demo.DAO.ClassInfoDao.
2019-06-20 17:25:37.058  INFO 14716 --- [main] .RepositoryConfigurationExtensionSupport : Spring Data Redis - Could not safely identify store assignment for repository candidate interface com.forum.demo.DAO.ClassMemberDao.
2019-06-20 17:25:37.059  INFO 14716 --- [main] .RepositoryConfigurationExtensionSupport : Spring Data Redis - Could not safely identify store assignment for repository candidate interface com.forum.demo.DAO.ClassTaskDao.
2019-06-20 17:25:37.059  INFO 14716 --- [main] .RepositoryConfigurationExtensionSupport : Spring Data Redis - Could not safely identify store assignment for repository candidate interface com.forum.demo.DAO.CustomDao.
2019-06-20 17:25:37.059  INFO 14716 --- [main] .RepositoryConfigurationExtensionSupport : Spring Data Redis - Could not safely identify store assignment for repository candidate interface com.forum.demo.DAO.ExamDao.
2019-06-20 17:25:37.059  INFO 14716 --- [main] .RepositoryConfigurationExtensionSupport : Spring Data Redis - Could not safely identify store assignment for repository candidate interface com.forum.demo.DAO.ExamInfoDao.
2019-06-20 17:25:37.060  INFO 14716 --- [main] .RepositoryConfigurationExtensionSupport : Spring Data Redis - Could not safely identify store assignment for repository candidate interface com.forum.demo.DAO.FriendDao.
2019-06-20 17:25:37.060  INFO 14716 --- [main] .RepositoryConfigurationExtensionSupport : Spring Data Redis - Could not safely identify store assignment for repository candidate interface com.forum.demo.DAO.ImageInfoDao.
2019-06-20 17:25:37.060  INFO 14716 --- [main] .RepositoryConfigurationExtensionSupport : Spring Data Redis - Could not safely identify store assignment for repository candidate interface com.forum.demo.DAO.PostsDao.
2019-06-20 17:25:37.060  INFO 14716 --- [main] .RepositoryConfigurationExtensionSupport : Spring Data Redis - Could not safely identify store assignment for repository candidate interface com.forum.demo.DAO.ReplyDao.
2019-06-20 17:25:37.061  INFO 14716 --- [main] .RepositoryConfigurationExtensionSupport : Spring Data Redis - Could not safely identify store assignment for repository candidate interface com.forum.demo.DAO.TalkDao.
2019-06-20 17:25:37.061  INFO 14716 --- [main] .RepositoryConfigurationExtensionSupport : Spring Data Redis - Could not safely identify store assignment for repository candidate interface com.forum.demo.DAO.TaskDao.
2019-06-20 17:25:37.061  INFO 14716 --- [main] .RepositoryConfigurationExtensionSupport : Spring Data Redis - Could not safely identify store assignment for repository candidate interface com.forum.demo.DAO.TaskListDao.
2019-06-20 17:25:37.061  INFO 14716 --- [main] .RepositoryConfigurationExtensionSupport : Spring Data Redis - Could not safely identify store assignment for repository candidate interface com.forum.demo.DAO.UserInfoDao.
2019-06-20 17:25:37.062  INFO 14716 --- [main] .RepositoryConfigurationExtensionSupport : Spring Data Redis - Could not safely identify store assignment for repository candidate interface com.forum.demo.DAO.WatchedDao.
2019-06-20 17:25:37.062  INFO 14716 --- [main] .s.d.r.c.RepositoryConfigurationDelegate : Finished Spring Data repository scanning in 11ms. Found 0 repository interfaces.
2019-06-20 17:25:37.322  INFO 14716 --- [main] trationDelegate$BeanPostProcessorChecker : Bean 'org.springframework.transaction.annotation.ProxyTransactionManagementConfiguration' of type [org.springframework.transaction.annotation.ProxyTransactionManagementConfiguration$$EnhancerBySpringCGLIB$$513043ce] is not eligible for getting processed by all BeanPostProcessors (for example: not eligible for auto-proxying)
2019-06-20 17:25:37.633  INFO 14716 --- [main] o.s.b.w.embedded.tomcat.TomcatWebServer  : Tomcat initialized with port(s): 8080 (http)
2019-06-20 17:25:37.650  INFO 14716 --- [main] o.apache.catalina.core.StandardService   : Starting service [Tomcat]
2019-06-20 17:25:37.650  INFO 14716 --- [main] org.apache.catalina.core.StandardEngine  : Starting Servlet engine: [Apache Tomcat/9.0.19]
2019-06-20 17:25:37.802  INFO 14716 --- [main] o.a.c.c.C.[Tomcat].[localhost].[/]       : Initializing Spring embedded WebApplicationContext
2019-06-20 17:25:37.802  INFO 14716 --- [main] o.s.web.context.ContextLoader            : Root WebApplicationContext: initialization completed in 1402 ms
2019-06-20 17:25:37.975  INFO 14716 --- [main] o.hibernate.jpa.internal.util.LogHelper  : HHH000204: Processing PersistenceUnitInfo [
	name: default
	...]
2019-06-20 17:25:38.010  INFO 14716 --- [main] org.hibernate.Version                    : HHH000412: Hibernate Core {5.3.10.Final}
2019-06-20 17:25:38.011  INFO 14716 --- [main] org.hibernate.cfg.Environment            : HHH000206: hibernate.properties not found
2019-06-20 17:25:38.103  INFO 14716 --- [main] o.hibernate.annotations.common.Version   : HCANN000001: Hibernate Commons Annotations {5.0.4.Final}
2019-06-20 17:25:38.185  INFO 14716 --- [main] com.zaxxer.hikari.HikariDataSource       : HikariPool-1 - Starting...
2019-06-20 17:25:38.275  INFO 14716 --- [main] com.zaxxer.hikari.HikariDataSource       : HikariPool-1 - Start completed.
2019-06-20 17:25:38.283  INFO 14716 --- [main] org.hibernate.dialect.Dialect            : HHH000400: Using dialect: org.hibernate.dialect.MySQL5Dialect
2019-06-20 17:25:38.867  INFO 14716 --- [main] j.LocalContainerEntityManagerFactoryBean : Initialized JPA EntityManagerFactory for persistence unit 'default'
2019-06-20 17:25:39.665  INFO 14716 --- [main] o.s.s.concurrent.ThreadPoolTaskExecutor  : Initializing ExecutorService 'applicationTaskExecutor'
2019-06-20 17:25:39.697  WARN 14716 --- [main] aWebConfiguration$JpaWebMvcConfiguration : spring.jpa.open-in-view is enabled by default. Therefore, database queries may be performed during view rendering. Explicitly configure spring.jpa.open-in-view to disable this warning
2019-06-20 17:25:40.121  INFO 14716 --- [main] o.s.b.w.embedded.tomcat.TomcatWebServer  : Tomcat started on port(s): 8080 (http) with context path ''
2019-06-20 17:25:40.123  INFO 14716 --- [main] com.forum.demo.ForumApplication          : Started ForumApplication in 4.148 seconds (JVM running for 5.126)
2019-06-20 17:25:41.970  INFO 14716 --- [http-nio-8080-exec-1] o.a.c.c.C.[Tomcat].[localhost].[/]       : Initializing Spring DispatcherServlet 'dispatcherServlet'
2019-06-20 17:25:41.970  INFO 14716 --- [http-nio-8080-exec-1] o.s.web.servlet.DispatcherServlet        : Initializing Servlet 'dispatcherServlet'
2019-06-20 17:25:41.976  INFO 14716 --- [http-nio-8080-exec-1] o.s.web.servlet.DispatcherServlet        : Completed initialization in 6 ms
2019-06-20 17:25:42.003  INFO 14716 --- [http-nio-8080-exec-1] com.forum.demo.Aspect.LoginAspect        : url:/task/getTaskList
2019-06-20 17:25:42.003  INFO 14716 --- [http-nio-8080-exec-1] com.forum.demo.Aspect.LoginAspect        : ip:0:0:0:0:0:0:0:1
2019-06-20 17:25:42.003  INFO 14716 --- [http-nio-8080-exec-1] com.forum.demo.Aspect.LoginAspect        : method:GET
2019-06-20 17:25:42.004  INFO 14716 --- [http-nio-8080-exec-1] com.forum.demo.Aspect.LoginAspect        : class_method:com.forum.demo.Controller.TaskController.getTaskList
2019-06-20 17:25:42.005  INFO 14716 --- [http-nio-8080-exec-1] com.forum.demo.Aspect.LoginAspect        : arg:[Ljava.lang.Object;@76288bb2
2019-06-20 17:25:42.145  INFO 14716 --- [http-nio-8080-exec-1] o.h.h.i.QueryTranslatorFactoryInitiator  : HHH000397: Using ASTQueryTranslatorFactory
2019-06-20 17:25:44.896  INFO 14716 --- [http-nio-8080-exec-2] com.forum.demo.Aspect.LoginAspect        : url:/task/getTaskList
2019-06-20 17:25:44.897  INFO 14716 --- [http-nio-8080-exec-2] com.forum.demo.Aspect.LoginAspect        : ip:0:0:0:0:0:0:0:1
2019-06-20 17:25:44.897  INFO 14716 --- [http-nio-8080-exec-2] com.forum.demo.Aspect.LoginAspect        : method:GET
2019-06-20 17:25:44.897  INFO 14716 --- [http-nio-8080-exec-2] com.forum.demo.Aspect.LoginAspect        : class_method:com.forum.demo.Controller.TaskController.getTaskList
2019-06-20 17:25:44.897  INFO 14716 --- [http-nio-8080-exec-2] com.forum.demo.Aspect.LoginAspect        : arg:[Ljava.lang.Object;@102da66
